[10:54:45] [main/INFO]: Environment: authHost='https://authserver.mojang.com', accountsHost='https://api.mojang.com', sessionHost='https://sessionserver.mojang.com', name='PROD'
[10:54:46] [main/WARN]: Ambiguity between arguments [teleport, destination] and [teleport, targets] with inputs: [Player, 0123, @e, dd12be42-52a9-4a91-a8a1-11c01849e498]
[10:54:46] [main/WARN]: Ambiguity between arguments [teleport, location] and [teleport, destination] with inputs: [0.1 -0.5 .9, 0 0 0]
[10:54:46] [main/WARN]: Ambiguity between arguments [teleport, location] and [teleport, targets] with inputs: [0.1 -0.5 .9, 0 0 0]
[10:54:46] [main/WARN]: Ambiguity between arguments [teleport, targets] and [teleport, destination] with inputs: [Player, 0123, dd12be42-52a9-4a91-a8a1-11c01849e498]
[10:54:46] [main/WARN]: Ambiguity between arguments [teleport, targets, location] and [teleport, targets, destination] with inputs: [0.1 -0.5 .9, 0 0 0]
[10:54:46] [main/INFO]: Reloading ResourceManager: Default
[10:54:47] [Worker-Main-2/INFO]: Loaded 7 recipes
[10:54:47] [Worker-Main-2/INFO]: Loaded 927 advancements
[10:54:49] [Server thread/INFO]: Starting minecraft server version 1.16.1
[10:54:49] [Server thread/INFO]: Loading properties
[10:54:49] [Server thread/INFO]: Default game type: SURVIVAL
[10:54:49] [Server thread/INFO]: Generating keypair
[10:54:49] [Server thread/INFO]: Starting Minecraft server on 192.168.3.2:10124
[10:54:49] [Server thread/INFO]: Using epoll channel type
[10:54:49] [Server thread/WARN]: **** SERVER IS RUNNING IN OFFLINE/INSECURE MODE!
[10:54:49] [Server thread/WARN]: The server will make no attempt to authenticate usernames. Beware.
[10:54:49] [Server thread/WARN]: While this makes the game possible to play without internet access, it also opens up the ability for hackers to connect with any username they choose.
[10:54:49] [Server thread/WARN]: To change this, set "online-mode" to "true" in the server.properties file.
[10:54:50] [Server thread/INFO]: Preparing level "world"
[10:54:50] [Server thread/INFO]: Preparing start region for dimension minecraft:overworld
[10:54:52] [Server thread/INFO]: Preparing spawn area: 0%
[10:54:52] [Server thread/INFO]: Preparing spawn area: 0%
[10:54:52] [Server thread/INFO]: Preparing spawn area: 0%
[10:54:52] [Server thread/INFO]: Preparing spawn area: 0%
[10:54:52] [Server thread/INFO]: Preparing spawn area: 0%
[10:54:52] [Worker-Main-3/INFO]: Preparing spawn area: 0%
[10:54:54] [Worker-Main-3/INFO]: Preparing spawn area: 0%
[10:54:54] [Worker-Main-3/INFO]: Preparing spawn area: 0%
[10:54:54] [Server thread/INFO]: Preparing spawn area: 0%
[10:54:59] [Worker-Main-3/INFO]: Preparing spawn area: 56%
[10:54:59] [Worker-Main-3/INFO]: Preparing spawn area: 56%
[10:54:59] [Worker-Main-3/INFO]: Preparing spawn area: 56%
[10:54:59] [Worker-Main-3/INFO]: Preparing spawn area: 56%
[10:54:59] [Worker-Main-3/INFO]: Preparing spawn area: 56%
[10:54:59] [Server thread/INFO]: Preparing spawn area: 56%
[10:54:59] [Server thread/INFO]: Preparing spawn area: 56%
[10:54:59] [Server thread/INFO]: Preparing spawn area: 56%
[10:54:59] [Server thread/INFO]: Preparing spawn area: 56%
[10:54:59] [Server thread/INFO]: Preparing spawn area: 58%
[10:54:59] [Worker-Main-3/INFO]: Preparing spawn area: 99%
[10:55:00] [Worker-Main-3/INFO]: Preparing spawn area: 99%
[10:55:00] [Worker-Main-3/INFO]: Preparing spawn area: 99%
[10:55:01] [Worker-Main-3/INFO]: Preparing spawn area: 99%
[10:55:01] [Worker-Main-3/INFO]: Preparing spawn area: 99%
[10:55:02] [Worker-Main-3/INFO]: Preparing spawn area: 99%
[10:55:02] [Worker-Main-3/INFO]: Preparing spawn area: 99%
[10:55:03] [Server thread/INFO]: Time elapsed: 13317 ms
[10:55:03] [Server thread/INFO]: Done (13.478s)! For help, type "help"
[10:55:03] [Server thread/INFO]: Starting GS4 status listener
[10:55:03] [Server thread/INFO]: Thread Query Listener started
[10:55:03] [Query Listener #1/INFO]: Query running on 192.168.3.2:10124
[10:59:22] [Server thread/INFO]: TrojanDealer[/191.37.5.192:50324] logged in with entity id 287 at (23.265314234418046, 72.0, 254.4223404860304)
[10:59:22] [Server thread/INFO]: TrojanDealer joined the game
[10:59:50] [Server thread/INFO]: TrojanDealer was slain by Wolf
[11:00:37] [Server thread/INFO]: TrojanDealer lost connection: Disconnected
[11:00:37] [Server thread/INFO]: TrojanDealer left the game
[11:28:42] [Server thread/INFO]: Stopping the server
[11:28:42] [Server thread/INFO]: Stopping server
[11:28:42] [Server thread/INFO]: Saving players
[11:28:42] [Server thread/INFO]: Saving worlds
[11:28:42] [Server thread/INFO]: Saving chunks for level 'ServerLevel[world]'/minecraft:overworld
[11:28:42] [Server thread/INFO]: ThreadedAnvilChunkStorage (world): All chunks are saved
[11:28:42] [Server thread/INFO]: Saving chunks for level 'ServerLevel[world]'/minecraft:the_nether
[11:28:42] [Server thread/INFO]: ThreadedAnvilChunkStorage (DIM-1): All chunks are saved
[11:28:42] [Server thread/INFO]: Saving chunks for level 'ServerLevel[world]'/minecraft:the_end
[11:28:42] [Server thread/INFO]: ThreadedAnvilChunkStorage (DIM1): All chunks are saved
[11:28:42] [Server thread/INFO]: ThreadedAnvilChunkStorage (world): All chunks are saved
[11:28:42] [Server thread/INFO]: ThreadedAnvilChunkStorage (DIM-1): All chunks are saved
[11:28:42] [Server thread/INFO]: ThreadedAnvilChunkStorage (DIM1): All chunks are saved
[11:28:43] [Server thread/INFO]: Thread Query Listener stopped
